[2021-12-06 11:28:22] local.ERROR: Class 'Lucascudo\LaravelPtBRLocalization\LaravelPtBRLocalizationServiceProvider' not found {"exception":"[object] (Error(code: 0): Class 'Lucascudo\\LaravelPtBRLocalization\\LaravelPtBRLocalizationServiceProvider' not found at /home4/mobema08/rh.mobemaodeobra.com.br/vendor/laravel/framework/src/Illuminate/Foundation/Application.php:690)
[stacktrace]
#0 /home4/mobema08/rh.mobemaodeobra.com.br/vendor/laravel/framework/src/Illuminate/Foundation/Application.php(624): Illuminate\\Foundation\\Application->resolveProvider('Lucascudo\\\\Larav...')
#1 /home4/mobema08/rh.mobemaodeobra.com.br/vendor/laravel/framework/src/Illuminate/Foundation/ProviderRepository.php(75): Illuminate\\Foundation\\Application->register('Lucascudo\\\\Larav...')
#2 /home4/mobema08/rh.mobemaodeobra.com.br/vendor/laravel/framework/src/Illuminate/Foundation/Application.php(604): Illuminate\\Foundation\\ProviderRepository->load(Array)
#3 /home4/mobema08/rh.mobemaodeobra.com.br/vendor/laravel/framework/src/Illuminate/Foundation/Bootstrap/RegisterProviders.php(17): Illuminate\\Foundation\\Application->registerConfiguredProviders()
#4 /home4/mobema08/rh.mobemaodeobra.com.br/vendor/laravel/framework/src/Illuminate/Foundation/Application.php(230): Illuminate\\Foundation\\Bootstrap\\RegisterProviders->bootstrap(Object(Illuminate\\Foundation\\Application))
#5 /home4/mobema08/rh.mobemaodeobra.com.br/vendor/laravel/framework/src/Illuminate/Foundation/Http/Kernel.php(151): Illuminate\\Foundation\\Application->bootstrapWith(Array)
#6 /home4/mobema08/rh.mobemaodeobra.com.br/vendor/laravel/framework/src/Illuminate/Foundation/Http/Kernel.php(135): Illuminate\\Foundation\\Http\\Kernel->bootstrap()
#7 /home4/mobema08/rh.mobemaodeobra.com.br/vendor/laravel/framework/src/Illuminate/Foundation/Http/Kernel.php(109): Illuminate\\Foundation\\Http\\Kernel->sendRequestThroughRouter(Object(Illuminate\\Http\\Request))
#8 /home4/mobema08/rh.mobemaodeobra.com.br/public/index.php(55): Illuminate\\Foundation\\Http\\Kernel->handle(Object(Illuminate\\Http\\Request))
#9 {main}
"} 
[2021-12-06 11:30:40] local.ERROR: file_put_contents(C:\laragon\www\mode\storage\framework\views/60cf7a4f4802c2b4e2b259e01390abbcf4a9776b.php): failed to open stream: No such file or directory {"exception":"[object] (ErrorException(code: 0): file_put_contents(C:\\laragon\\www\\mode\\storage\\framework\\views/60cf7a4f4802c2b4e2b259e01390abbcf4a9776b.php): failed to open stream: No such file or directory at /home4/mobema08/rh.mobemaodeobra.com.br/vendor/laravel/framework/src/Illuminate/Filesystem/Filesystem.php:135)
[stacktrace]
#0 [internal function]: Illuminate\\Foundation\\Bootstrap\\HandleExceptions->handleError(2, 'file_put_conten...', '/home4/mobema08...', 135, Array)
#1 /home4/mobema08/rh.mobemaodeobra.com.br/vendor/laravel/framework/src/Illuminate/Filesystem/Filesystem.php(135): file_put_contents('C:\\\\laragon\\\\www\\\\...', '<?php $__env->s...', 0)
#2 /home4/mobema08/rh.mobemaodeobra.com.br/vendor/laravel/framework/src/Illuminate/View/Compilers/BladeCompiler.php(150): Illuminate\\Filesystem\\Filesystem->put('C:\\\\laragon\\\\www\\\\...', '<?php $__env->s...')
#3 /home4/mobema08/rh.mobemaodeobra.com.br/vendor/laravel/framework/src/Illuminate/View/Engines/CompilerEngine.php(51): Illuminate\\View\\Compilers\\BladeCompiler->compile('/home4/mobema08...')
#4 /home4/mobema08/rh.mobemaodeobra.com.br/vendor/facade/ignition/src/Views/Engines/CompilerEngine.php(37): Illuminate\\View\\Engines\\CompilerEngine->get('/home4/mobema08...', Array)
#5 /home4/mobema08/rh.mobemaodeobra.com.br/vendor/laravel/framework/src/Illuminate/View/View.php(139): Facade\\Ignition\\Views\\Engines\\CompilerEngine->get('/home4/mobema08...', Array)
#6 /home4/mobema08/rh.mobemaodeobra.com.br/vendor/laravel/framework/src/Illuminate/View/View.php(122): Illuminate\\View\\View->getContents()
#7 /home4/mobema08/rh.mobemaodeobra.com.br/vendor/laravel/framework/src/Illuminate/View/View.php(91): Illuminate\\View\\View->renderContents()
#8 /home4/mobema08/rh.mobemaodeobra.com.br/vendor/laravel/framework/src/Illuminate/Http/Response.php(62): Illuminate\\View\\View->render()
#9 /home4/mobema08/rh.mobemaodeobra.com.br/vendor/laravel/framework/src/Illuminate/Http/Response.php(34): Illuminate\\Http\\Response->setContent(Object(Illuminate\\View\\View))
#10 /home4/mobema08/rh.mobemaodeobra.com.br/vendor/laravel/framework/src/Illuminate/Routing/ResponseFactory.php(55): Illuminate\\Http\\Response->__construct(Object(Illuminate\\View\\View), 403, Array)
#11 /home4/mobema08/rh.mobemaodeobra.com.br/vendor/laravel/framework/src/Illuminate/Routing/ResponseFactory.php(85): Illuminate\\Routing\\ResponseFactory->make(Object(Illuminate\\View\\View), 403, Array)
#12 /home4/mobema08/rh.mobemaodeobra.com.br/vendor/laravel/framework/src/Illuminate/Foundation/Exceptions/Handler.php(409): Illuminate\\Routing\\ResponseFactory->view('errors::403', Array, 403, Array)
#13 /home4/mobema08/rh.mobemaodeobra.com.br/vendor/laravel/framework/src/Illuminate/Foundation/Exceptions/Handler.php(314): Illuminate\\Foundation\\Exceptions\\Handler->renderHttpException(Object(Spatie\\Permission\\Exceptions\\UnauthorizedException))
#14 /home4/mobema08/rh.mobemaodeobra.com.br/vendor/laravel/framework/src/Illuminate/Foundation/Exceptions/Handler.php(211): Illuminate\\Foundation\\Exceptions\\Handler->prepareResponse(Object(Illuminate\\Http\\Request), Object(Spatie\\Permission\\Exceptions\\UnauthorizedException))
#15 /home4/mobema08/rh.mobemaodeobra.com.br/app/Exceptions/Handler.php(53): Illuminate\\Foundation\\Exceptions\\Handler->render(Object(Illuminate\\Http\\Request), Object(Spatie\\Permission\\Exceptions\\UnauthorizedException))
#16 /home4/mobema08/rh.mobemaodeobra.com.br/vendor/laravel/framework/src/Illuminate/Routing/Pipeline.php(51): App\\Exceptions\\Handler->render(Object(Illuminate\\Http\\Request), Object(Spatie\\Permission\\Exceptions\\UnauthorizedException))
#17 /home4/mobema08/rh.mobemaodeobra.com.br/vendor/laravel/framework/src/Illuminate/Pipeline/Pipeline.php(172): Illuminate\\Routing\\Pipeline->handleException(Object(Illuminate\\Http\\Request), Object(Spatie\\Permission\\Exceptions\\UnauthorizedException))
#18 /home4/mobema08/rh.mobemaodeobra.com.br/vendor/laravel/framework/src/Illuminate/Routing/Middleware/SubstituteBindings.php(41): Illuminate\\Pipeline\\Pipeline->Illuminate\\Pipeline\\{closure}(Object(Illuminate\\Http\\Request))
#19 /home4/mobema08/rh.mobemaodeobra.com.br/vendor/laravel/framework/src/Illuminate/Pipeline/Pipeline.php(167): Illuminate\\Routing\\Middleware\\SubstituteBindings->handle(Object(Illuminate\\Http\\Request), Object(Closure))
#20 /home4/mobema08/rh.mobemaodeobra.com.br/vendor/laravel/framework/src/Illuminate/Foundation/Http/Middleware/VerifyCsrfToken.php(78): Illuminate\\Pipeline\\Pipeline->Illuminate\\Pipeline\\{closure}(Object(Illuminate\\Http\\Request))
#21 /home4/mobema08/rh.mobemaodeobra.com.br/vendor/laravel/framework/src/Illuminate/Pipeline/Pipeline.php(167): Illuminate\\Foundation\\Http\\Middleware\\VerifyCsrfToken->handle(Object(Illuminate\\Http\\Request), Object(Closure))
#22 /home4/mobema08/rh.mobemaodeobra.com.br/vendor/laravel/framework/src/Illuminate/View/Middleware/ShareErrorsFromSession.php(49): Illuminate\\Pipeline\\Pipeline->Illuminate\\Pipeline\\{closure}(Object(Illuminate\\Http\\Request))
#23 /home4/mobema08/rh.mobemaodeobra.com.br/vendor/laravel/framework/src/Illuminate/Pipeline/Pipeline.php(167): Illuminate\\View\\Middleware\\ShareErrorsFromSession->handle(Object(Illuminate\\Http\\Request), Object(Closure))
#24 /home4/mobema08/rh.mobemaodeobra.com.br/vendor/laravel/framework/src/Illuminate/Session/Middleware/StartSession.php(116): Illuminate\\Pipeline\\Pipeline->Illuminate\\Pipeline\\{closure}(Object(Illuminate\\Http\\Request))
#25 /home4/mobema08/rh.mobemaodeobra.com.br/vendor/laravel/framework/src/Illuminate/Session/Middleware/StartSession.php(62): Illuminate\\Session\\Middleware\\StartSession->handleStatefulRequest(Object(Illuminate\\Http\\Request), Object(Illuminate\\Session\\Store), Object(Closure))
#26 /home4/mobema08/rh.mobemaodeobra.com.br/vendor/laravel/framework/src/Illuminate/Pipeline/Pipeline.php(167): Illuminate\\Session\\Middleware\\StartSession->handle(Object(Illuminate\\Http\\Request), Object(Closure))
#27 /home4/mobema08/rh.mobemaodeobra.com.br/vendor/laravel/framework/src/Illuminate/Cookie/Middleware/AddQueuedCookiesToResponse.php(37): Illuminate\\Pipeline\\Pipeline->Illuminate\\Pipeline\\{closure}(Object(Illuminate\\Http\\Request))
#28 /home4/mobema08/rh.mobemaodeobra.com.br/vendor/laravel/framework/src/Illuminate/Pipeline/Pipeline.php(167): Illuminate\\Cookie\\Middleware\\AddQueuedCookiesToResponse->handle(Object(Illuminate\\Http\\Request), Object(Closure))
#29 /home4/mobema08/rh.mobemaodeobra.com.br/vendor/laravel/framework/src/Illuminate/Cookie/Middleware/EncryptCookies.php(67): Illuminate\\Pipeline\\Pipeline->Illuminate\\Pipeline\\{closure}(Object(Illuminate\\Http\\Request))
#30 /home4/mobema08/rh.mobemaodeobra.com.br/vendor/laravel/framework/src/Illuminate/Pipeline/Pipeline.php(167): Illuminate\\Cookie\\Middleware\\EncryptCookies->handle(Object(Illuminate\\Http\\Request), Object(Closure))
#31 /home4/mobema08/rh.mobemaodeobra.com.br/vendor/laravel/framework/src/Illuminate/Pipeline/Pipeline.php(103): Illuminate\\Pipeline\\Pipeline->Illuminate\\Pipeline\\{closure}(Object(Illuminate\\Http\\Request))
#32 /home4/mobema08/rh.mobemaodeobra.com.br/vendor/laravel/framework/src/Illuminate/Routing/Router.php(687): Illuminate\\Pipeline\\Pipeline->then(Object(Closure))
#33 /home4/mobema08/rh.mobemaodeobra.com.br/vendor/laravel/framework/src/Illuminate/Routing/Router.php(662): Illuminate\\Routing\\Router->runRouteWithinStack(Object(Illuminate\\Routing\\Route), Object(Illuminate\\Http\\Request))
#34 /home4/mobema08/rh.mobemaodeobra.com.br/vendor/laravel/framework/src/Illuminate/Routing/Router.php(628): Illuminate\\Routing\\Router->runRoute(Object(Illuminate\\Http\\Request), Object(Illuminate\\Routing\\Route))
#35 /home4/mobema08/rh.mobemaodeobra.com.br/vendor/laravel/framework/src/Illuminate/Routing/Router.php(617): Illuminate\\Routing\\Router->dispatchToRoute(Object(Illuminate\\Http\\Request))
#36 /home4/mobema08/rh.mobemaodeobra.com.br/vendor/laravel/framework/src/Illuminate/Foundation/Http/Kernel.php(165): Illuminate\\Routing\\Router->dispatch(Object(Illuminate\\Http\\Request))
#37 /home4/mobema08/rh.mobemaodeobra.com.br/vendor/laravel/framework/src/Illuminate/Pipeline/Pipeline.php(128): Illuminate\\Foundation\\Http\\Kernel->Illuminate\\Foundation\\Http\\{closure}(Object(Illuminate\\Http\\Request))
#38 /home4/mobema08/rh.mobemaodeobra.com.br/vendor/laravel/framework/src/Illuminate/Foundation/Http/Middleware/TransformsRequest.php(21): Illuminate\\Pipeline\\Pipeline->Illuminate\\Pipeline\\{closure}(Object(Illuminate\\Http\\Request))
#39 /home4/mobema08/rh.mobemaodeobra.com.br/vendor/laravel/framework/src/Illuminate/Pipeline/Pipeline.php(167): Illuminate\\Foundation\\Http\\Middleware\\TransformsRequest->handle(Object(Illuminate\\Http\\Request), Object(Closure))
#40 /home4/mobema08/rh.mobemaodeobra.com.br/vendor/laravel/framework/src/Illuminate/Foundation/Http/Middleware/TransformsRequest.php(21): Illuminate\\Pipeline\\Pipeline->Illuminate\\Pipeline\\{closure}(Object(Illuminate\\Http\\Request))
#41 /home4/mobema08/rh.mobemaodeobra.com.br/vendor/laravel/framework/src/Illuminate/Pipeline/Pipeline.php(167): Illuminate\\Foundation\\Http\\Middleware\\TransformsRequest->handle(Object(Illuminate\\Http\\Request), Object(Closure))
#42 /home4/mobema08/rh.mobemaodeobra.com.br/vendor/laravel/framework/src/Illuminate/Foundation/Http/Middleware/ValidatePostSize.php(27): Illuminate\\Pipeline\\Pipeline->Illuminate\\Pipeline\\{closure}(Object(Illuminate\\Http\\Request))
#43 /home4/mobema08/rh.mobemaodeobra.com.br/vendor/laravel/framework/src/Illuminate/Pipeline/Pipeline.php(167): Illuminate\\Foundation\\Http\\Middleware\\ValidatePostSize->handle(Object(Illuminate\\Http\\Request), Object(Closure))
#44 /home4/mobema08/rh.mobemaodeobra.com.br/vendor/laravel/framework/src/Illuminate/Foundation/Http/Middleware/CheckForMaintenanceMode.php(63): Illuminate\\Pipeline\\Pipeline->Illuminate\\Pipeline\\{closure}(Object(Illuminate\\Http\\Request))
#45 /home4/mobema08/rh.mobemaodeobra.com.br/vendor/laravel/framework/src/Illuminate/Pipeline/Pipeline.php(167): Illuminate\\Foundation\\Http\\Middleware\\CheckForMaintenanceMode->handle(Object(Illuminate\\Http\\Request), Object(Closure))
#46 /home4/mobema08/rh.mobemaodeobra.com.br/vendor/fruitcake/laravel-cors/src/HandleCors.php(38): Illuminate\\Pipeline\\Pipeline->Illuminate\\Pipeline\\{closure}(Object(Illuminate\\Http\\Request))
#47 /home4/mobema08/rh.mobemaodeobra.com.br/vendor/laravel/framework/src/Illuminate/Pipeline/Pipeline.php(167): Fruitcake\\Cors\\HandleCors->handle(Object(Illuminate\\Http\\Request), Object(Closure))
#48 /home4/mobema08/rh.mobemaodeobra.com.br/vendor/fideloper/proxy/src/TrustProxies.php(57): Illuminate\\Pipeline\\Pipeline->Illuminate\\Pipeline\\{closure}(Object(Illuminate\\Http\\Request))
#49 /home4/mobema08/rh.mobemaodeobra.com.br/vendor/laravel/framework/src/Illuminate/Pipeline/Pipeline.php(167): Fideloper\\Proxy\\TrustProxies->handle(Object(Illuminate\\Http\\Request), Object(Closure))
#50 /home4/mobema08/rh.mobemaodeobra.com.br/vendor/laravel/framework/src/Illuminate/Pipeline/Pipeline.php(103): Illuminate\\Pipeline\\Pipeline->Illuminate\\Pipeline\\{closure}(Object(Illuminate\\Http\\Request))
#51 /home4/mobema08/rh.mobemaodeobra.com.br/vendor/laravel/framework/src/Illuminate/Foundation/Http/Kernel.php(140): Illuminate\\Pipeline\\Pipeline->then(Object(Closure))
#52 /home4/mobema08/rh.mobemaodeobra.com.br/vendor/laravel/framework/src/Illuminate/Foundation/Http/Kernel.php(109): Illuminate\\Foundation\\Http\\Kernel->sendRequestThroughRouter(Object(Illuminate\\Http\\Request))
#53 /home4/mobema08/rh.mobemaodeobra.com.br/public/index.php(55): Illuminate\\Foundation\\Http\\Kernel->handle(Object(Illuminate\\Http\\Request))
#54 {main}
"} 
[2021-12-06 11:30:40] local.ERROR: file_put_contents(C:\laragon\www\mode\storage\framework/sessions/LHXXNqkSRUGgY0SAPST7HNBXMhxZtOrEwUUqGemK): failed to open stream: No such file or directory {"exception":"[object] (ErrorException(code: 0): file_put_contents(C:\\laragon\\www\\mode\\storage\\framework/sessions/LHXXNqkSRUGgY0SAPST7HNBXMhxZtOrEwUUqGemK): failed to open stream: No such file or directory at /home4/mobema08/rh.mobemaodeobra.com.br/vendor/laravel/framework/src/Illuminate/Filesystem/Filesystem.php:135)
[stacktrace]
#0 [internal function]: Illuminate\\Foundation\\Bootstrap\\HandleExceptions->handleError(2, 'file_put_conten...', '/home4/mobema08...', 135, Array)
#1 /home4/mobema08/rh.mobemaodeobra.com.br/vendor/laravel/framework/src/Illuminate/Filesystem/Filesystem.php(135): file_put_contents('C:\\\\laragon\\\\www\\\\...', 'a:3:{s:6:\"_toke...', 2)
#2 /home4/mobema08/rh.mobemaodeobra.com.br/vendor/laravel/framework/src/Illuminate/Session/FileSessionHandler.php(83): Illuminate\\Filesystem\\Filesystem->put('C:\\\\laragon\\\\www\\\\...', 'a:3:{s:6:\"_toke...', true)
#3 /home4/mobema08/rh.mobemaodeobra.com.br/vendor/laravel/framework/src/Illuminate/Session/Store.php(129): Illuminate\\Session\\FileSessionHandler->write('LHXXNqkSRUGgY0S...', 'a:3:{s:6:\"_toke...')
#4 /home4/mobema08/rh.mobemaodeobra.com.br/vendor/laravel/framework/src/Illuminate/Session/Middleware/StartSession.php(231): Illuminate\\Session\\Store->save()
#5 /home4/mobema08/rh.mobemaodeobra.com.br/vendor/laravel/framework/src/Illuminate/Session/Middleware/StartSession.php(125): Illuminate\\Session\\Middleware\\StartSession->saveSession(Object(Illuminate\\Http\\Request))
#6 /home4/mobema08/rh.mobemaodeobra.com.br/vendor/laravel/framework/src/Illuminate/Session/Middleware/StartSession.php(62): Illuminate\\Session\\Middleware\\StartSession->handleStatefulRequest(Object(Illuminate\\Http\\Request), Object(Illuminate\\Session\\Store), Object(Closure))
#7 /home4/mobema08/rh.mobemaodeobra.com.br/vendor/laravel/framework/src/Illuminate/Pipeline/Pipeline.php(167): Illuminate\\Session\\Middleware\\StartSession->handle(Object(Illuminate\\Http\\Request), Object(Closure))
#8 /home4/mobema08/rh.mobemaodeobra.com.br/vendor/laravel/framework/src/Illuminate/Cookie/Middleware/AddQueuedCookiesToResponse.php(37): Illuminate\\Pipeline\\Pipeline->Illuminate\\Pipeline\\{closure}(Object(Illuminate\\Http\\Request))
#9 /home4/mobema08/rh.mobemaodeobra.com.br/vendor/laravel/framework/src/Illuminate/Pipeline/Pipeline.php(167): Illuminate\\Cookie\\Middleware\\AddQueuedCookiesToResponse->handle(Object(Illuminate\\Http\\Request), Object(Closure))
#10 /home4/mobema08/rh.mobemaodeobra.com.br/vendor/laravel/framework/src/Illuminate/Cookie/Middleware/EncryptCookies.php(67): Illuminate\\Pipeline\\Pipeline->Illuminate\\Pipeline\\{closure}(Object(Illuminate\\Http\\Request))
#11 /home4/mobema08/rh.mobemaodeobra.com.br/vendor/laravel/framework/src/Illuminate/Pipeline/Pipeline.php(167): Illuminate\\Cookie\\Middleware\\EncryptCookies->handle(Object(Illuminate\\Http\\Request), Object(Closure))
#12 /home4/mobema08/rh.mobemaodeobra.com.br/vendor/laravel/framework/src/Illuminate/Pipeline/Pipeline.php(103): Illuminate\\Pipeline\\Pipeline->Illuminate\\Pipeline\\{closure}(Object(Illuminate\\Http\\Request))
#13 /home4/mobema08/rh.mobemaodeobra.com.br/vendor/laravel/framework/src/Illuminate/Routing/Router.php(687): Illuminate\\Pipeline\\Pipeline->then(Object(Closure))
#14 /home4/mobema08/rh.mobemaodeobra.com.br/vendor/laravel/framework/src/Illuminate/Routing/Router.php(662): Illuminate\\Routing\\Router->runRouteWithinStack(Object(Illuminate\\Routing\\Route), Object(Illuminate\\Http\\Request))
#15 /home4/mobema08/rh.mobemaodeobra.com.br/vendor/laravel/framework/src/Illuminate/Routing/Router.php(628): Illuminate\\Routing\\Router->runRoute(Object(Illuminate\\Http\\Request), Object(Illuminate\\Routing\\Route))
#16 /home4/mobema08/rh.mobemaodeobra.com.br/vendor/laravel/framework/src/Illuminate/Routing/Router.php(617): Illuminate\\Routing\\Router->dispatchToRoute(Object(Illuminate\\Http\\Request))
#17 /home4/mobema08/rh.mobemaodeobra.com.br/vendor/laravel/framework/src/Illuminate/Foundation/Http/Kernel.php(165): Illuminate\\Routing\\Router->dispatch(Object(Illuminate\\Http\\Request))
#18 /home4/mobema08/rh.mobemaodeobra.com.br/vendor/laravel/framework/src/Illuminate/Pipeline/Pipeline.php(128): Illuminate\\Foundation\\Http\\Kernel->Illuminate\\Foundation\\Http\\{closure}(Object(Illuminate\\Http\\Request))
#19 /home4/mobema08/rh.mobemaodeobra.com.br/vendor/laravel/framework/src/Illuminate/Foundation/Http/Middleware/TransformsRequest.php(21): Illuminate\\Pipeline\\Pipeline->Illuminate\\Pipeline\\{closure}(Object(Illuminate\\Http\\Request))
#20 /home4/mobema08/rh.mobemaodeobra.com.br/vendor/laravel/framework/src/Illuminate/Pipeline/Pipeline.php(167): Illuminate\\Foundation\\Http\\Middleware\\TransformsRequest->handle(Object(Illuminate\\Http\\Request), Object(Closure))
#21 /home4/mobema08/rh.mobemaodeobra.com.br/vendor/laravel/framework/src/Illuminate/Foundation/Http/Middleware/TransformsRequest.php(21): Illuminate\\Pipeline\\Pipeline->Illuminate\\Pipeline\\{closure}(Object(Illuminate\\Http\\Request))
#22 /home4/mobema08/rh.mobemaodeobra.com.br/vendor/laravel/framework/src/Illuminate/Pipeline/Pipeline.php(167): Illuminate\\Foundation\\Http\\Middleware\\TransformsRequest->handle(Object(Illuminate\\Http\\Request), Object(Closure))
#23 /home4/mobema08/rh.mobemaodeobra.com.br/vendor/laravel/framework/src/Illuminate/Foundation/Http/Middleware/ValidatePostSize.php(27): Illuminate\\Pipeline\\Pipeline->Illuminate\\Pipeline\\{closure}(Object(Illuminate\\Http\\Request))
#24 /home4/mobema08/rh.mobemaodeobra.com.br/vendor/laravel/framework/src/Illuminate/Pipeline/Pipeline.php(167): Illuminate\\Foundation\\Http\\Middleware\\ValidatePostSize->handle(Object(Illuminate\\Http\\Request), Object(Closure))
#25 /home4/mobema08/rh.mobemaodeobra.com.br/vendor/laravel/framework/src/Illuminate/Foundation/Http/Middleware/CheckForMaintenanceMode.php(63): Illuminate\\Pipeline\\Pipeline->Illuminate\\Pipeline\\{closure}(Object(Illuminate\\Http\\Request))
#26 /home4/mobema08/rh.mobemaodeobra.com.br/vendor/laravel/framework/src/Illuminate/Pipeline/Pipeline.php(167): Illuminate\\Foundation\\Http\\Middleware\\CheckForMaintenanceMode->handle(Object(Illuminate\\Http\\Request), Object(Closure))
#27 /home4/mobema08/rh.mobemaodeobra.com.br/vendor/fruitcake/laravel-cors/src/HandleCors.php(38): Illuminate\\Pipeline\\Pipeline->Illuminate\\Pipeline\\{closure}(Object(Illuminate\\Http\\Request))
#28 /home4/mobema08/rh.mobemaodeobra.com.br/vendor/laravel/framework/src/Illuminate/Pipeline/Pipeline.php(167): Fruitcake\\Cors\\HandleCors->handle(Object(Illuminate\\Http\\Request), Object(Closure))
#29 /home4/mobema08/rh.mobemaodeobra.com.br/vendor/fideloper/proxy/src/TrustProxies.php(57): Illuminate\\Pipeline\\Pipeline->Illuminate\\Pipeline\\{closure}(Object(Illuminate\\Http\\Request))
#30 /home4/mobema08/rh.mobemaodeobra.com.br/vendor/laravel/framework/src/Illuminate/Pipeline/Pipeline.php(167): Fideloper\\Proxy\\TrustProxies->handle(Object(Illuminate\\Http\\Request), Object(Closure))
#31 /home4/mobema08/rh.mobemaodeobra.com.br/vendor/laravel/framework/src/Illuminate/Pipeline/Pipeline.php(103): Illuminate\\Pipeline\\Pipeline->Illuminate\\Pipeline\\{closure}(Object(Illuminate\\Http\\Request))
#32 /home4/mobema08/rh.mobemaodeobra.com.br/vendor/laravel/framework/src/Illuminate/Foundation/Http/Kernel.php(140): Illuminate\\Pipeline\\Pipeline->then(Object(Closure))
#33 /home4/mobema08/rh.mobemaodeobra.com.br/vendor/laravel/framework/src/Illuminate/Foundation/Http/Kernel.php(109): Illuminate\\Foundation\\Http\\Kernel->sendRequestThroughRouter(Object(Illuminate\\Http\\Request))
#34 /home4/mobema08/rh.mobemaodeobra.com.br/public/index.php(55): Illuminate\\Foundation\\Http\\Kernel->handle(Object(Illuminate\\Http\\Request))
#35 {main}
"} 
[2021-12-06 11:30:55] local.ERROR: file_put_contents(C:\laragon\www\mode\storage\framework\views/60cf7a4f4802c2b4e2b259e01390abbcf4a9776b.php): failed to open stream: No such file or directory {"exception":"[object] (ErrorException(code: 0): file_put_contents(C:\\laragon\\www\\mode\\storage\\framework\\views/60cf7a4f4802c2b4e2b259e01390abbcf4a9776b.php): failed to open stream: No such file or directory at /home4/mobema08/rh.mobemaodeobra.com.br/vendor/laravel/framework/src/Illuminate/Filesystem/Filesystem.php:135)
[stacktrace]
#0 [internal function]: Illuminate\\Foundation\\Bootstrap\\HandleExceptions->handleError(2, 'file_put_conten...', '/home4/mobema08...', 135, Array)
#1 /home4/mobema08/rh.mobemaodeobra.com.br/vendor/laravel/framework/src/Illuminate/Filesystem/Filesystem.php(135): file_put_contents('C:\\\\laragon\\\\www\\\\...', '<?php $__env->s...', 0)
#2 /home4/mobema08/rh.mobemaodeobra.com.br/vendor/laravel/framework/src/Illuminate/View/Compilers/BladeCompiler.php(150): Illuminate\\Filesystem\\Filesystem->put('C:\\\\laragon\\\\www\\\\...', '<?php $__env->s...')
#3 /home4/mobema08/rh.mobemaodeobra.com.br/vendor/laravel/framework/src/Illuminate/View/Engines/CompilerEngine.php(51): Illuminate\\View\\Compilers\\BladeCompiler->compile('/home4/mobema08...')
#4 /home4/mobema08/rh.mobemaodeobra.com.br/vendor/facade/ignition/src/Views/Engines/CompilerEngine.php(37): Illuminate\\View\\Engines\\CompilerEngine->get('/home4/mobema08...', Array)
#5 /home4/mobema08/rh.mobemaodeobra.com.br/vendor/laravel/framework/src/Illuminate/View/View.php(139): Facade\\Ignition\\Views\\Engines\\CompilerEngine->get('/home4/mobema08...', Array)
#6 /home4/mobema08/rh.mobemaodeobra.com.br/vendor/laravel/framework/src/Illuminate/View/View.php(122): Illuminate\\View\\View->getContents()
#7 /home4/mobema08/rh.mobemaodeobra.com.br/vendor/laravel/framework/src/Illuminate/View/View.php(91): Illuminate\\View\\View->renderContents()
#8 /home4/mobema08/rh.mobemaodeobra.com.br/vendor/laravel/framework/src/Illuminate/Http/Response.php(62): Illuminate\\View\\View->render()
#9 /home4/mobema08/rh.mobemaodeobra.com.br/vendor/laravel/framework/src/Illuminate/Http/Response.php(34): Illuminate\\Http\\Response->setContent(Object(Illuminate\\View\\View))
#10 /home4/mobema08/rh.mobemaodeobra.com.br/vendor/laravel/framework/src/Illuminate/Routing/ResponseFactory.php(55): Illuminate\\Http\\Response->__construct(Object(Illuminate\\View\\View), 403, Array)
#11 /home4/mobema08/rh.mobemaodeobra.com.br/vendor/laravel/framework/src/Illuminate/Routing/ResponseFactory.php(85): Illuminate\\Routing\\ResponseFactory->make(Object(Illuminate\\View\\View), 403, Array)
#12 /home4/mobema08/rh.mobemaodeobra.com.br/vendor/laravel/framework/src/Illuminate/Foundation/Exceptions/Handler.php(409): Illuminate\\Routing\\ResponseFactory->view('errors::403', Array, 403, Array)
#13 /home4/mobema08/rh.mobemaodeobra.com.br/vendor/laravel/framework/src/Illuminate/Foundation/Exceptions/Handler.php(314): Illuminate\\Foundation\\Exceptions\\Handler->renderHttpException(Object(Spatie\\Permission\\Exceptions\\UnauthorizedException))
#14 /home4/mobema08/rh.mobemaodeobra.com.br/vendor/laravel/framework/src/Illuminate/Foundation/Exceptions/Handler.php(211): Illuminate\\Foundation\\Exceptions\\Handler->prepareResponse(Object(Illuminate\\Http\\Request), Object(Spatie\\Permission\\Exceptions\\UnauthorizedException))
#15 /home4/mobema08/rh.mobemaodeobra.com.br/app/Exceptions/Handler.php(53): Illuminate\\Foundation\\Exceptions\\Handler->render(Object(Illuminate\\Http\\Request), Object(Spatie\\Permission\\Exceptions\\UnauthorizedException))
#16 /home4/mobema08/rh.mobemaodeobra.com.br/vendor/laravel/framework/src/Illuminate/Routing/Pipeline.php(51): App\\Exceptions\\Handler->render(Object(Illuminate\\Http\\Request), Object(Spatie\\Permission\\Exceptions\\UnauthorizedException))
#17 /home4/mobema08/rh.mobemaodeobra.com.br/vendor/laravel/framework/src/Illuminate/Pipeline/Pipeline.php(172): Illuminate\\Routing\\Pipeline->handleException(Object(Illuminate\\Http\\Request), Object(Spatie\\Permission\\Exceptions\\UnauthorizedException))
#18 /home4/mobema08/rh.mobemaodeobra.com.br/vendor/laravel/framework/src/Illuminate/Routing/Middleware/SubstituteBindings.php(41): Illuminate\\Pipeline\\Pipeline->Illuminate\\Pipeline\\{closure}(Object(Illuminate\\Http\\Request))
#19 /home4/mobema08/rh.mobemaodeobra.com.br/vendor/laravel/framework/src/Illuminate/Pipeline/Pipeline.php(167): Illuminate\\Routing\\Middleware\\SubstituteBindings->handle(Object(Illuminate\\Http\\Request), Object(Closure))
#20 /home4/mobema08/rh.mobemaodeobra.com.br/vendor/laravel/framework/src/Illuminate/Foundation/Http/Middleware/VerifyCsrfToken.php(78): Illuminate\\Pipeline\\Pipeline->Illuminate\\Pipeline\\{closure}(Object(Illuminate\\Http\\Request))
#21 /home4/mobema08/rh.mobemaodeobra.com.br/vendor/laravel/framework/src/Illuminate/Pipeline/Pipeline.php(167): Illuminate\\Foundation\\Http\\Middleware\\VerifyCsrfToken->handle(Object(Illuminate\\Http\\Request), Object(Closure))
#22 /home4/mobema08/rh.mobemaodeobra.com.br/vendor/laravel/framework/src/Illuminate/View/Middleware/ShareErrorsFromSession.php(49): Illuminate\\Pipeline\\Pipeline->Illuminate\\Pipeline\\{closure}(Object(Illuminate\\Http\\Request))
#23 /home4/mobema08/rh.mobemaodeobra.com.br/vendor/laravel/framework/src/Illuminate/Pipeline/Pipeline.php(167): Illuminate\\View\\Middleware\\ShareErrorsFromSession->handle(Object(Illuminate\\Http\\Request), Object(Closure))
#24 /home4/mobema08/rh.mobemaodeobra.com.br/vendor/laravel/framework/src/Illuminate/Session/Middleware/StartSession.php(116): Illuminate\\Pipeline\\Pipeline->Illuminate\\Pipeline\\{closure}(Object(Illuminate\\Http\\Request))
#25 /home4/mobema08/rh.mobemaodeobra.com.br/vendor/laravel/framework/src/Illuminate/Session/Middleware/StartSession.php(62): Illuminate\\Session\\Middleware\\StartSession->handleStatefulRequest(Object(Illuminate\\Http\\Request), Object(Illuminate\\Session\\Store), Object(Closure))
#26 /home4/mobema08/rh.mobemaodeobra.com.br/vendor/laravel/framework/src/Illuminate/Pipeline/Pipeline.php(167): Illuminate\\Session\\Middleware\\StartSession->handle(Object(Illuminate\\Http\\Request), Object(Closure))
#27 /home4/mobema08/rh.mobemaodeobra.com.br/vendor/laravel/framework/src/Illuminate/Cookie/Middleware/AddQueuedCookiesToResponse.php(37): Illuminate\\Pipeline\\Pipeline->Illuminate\\Pipeline\\{closure}(Object(Illuminate\\Http\\Request))
#28 /home4/mobema08/rh.mobemaodeobra.com.br/vendor/laravel/framework/src/Illuminate/Pipeline/Pipeline.php(167): Illuminate\\Cookie\\Middleware\\AddQueuedCookiesToResponse->handle(Object(Illuminate\\Http\\Request), Object(Closure))
#29 /home4/mobema08/rh.mobemaodeobra.com.br/vendor/laravel/framework/src/Illuminate/Cookie/Middleware/EncryptCookies.php(67): Illuminate\\Pipeline\\Pipeline->Illuminate\\Pipeline\\{closure}(Object(Illuminate\\Http\\Request))
#30 /home4/mobema08/rh.mobemaodeobra.com.br/vendor/laravel/framework/src/Illuminate/Pipeline/Pipeline.php(167): Illuminate\\Cookie\\Middleware\\EncryptCookies->handle(Object(Illuminate\\Http\\Request), Object(Closure))
#31 /home4/mobema08/rh.mobemaodeobra.com.br/vendor/laravel/framework/src/Illuminate/Pipeline/Pipeline.php(103): Illuminate\\Pipeline\\Pipeline->Illuminate\\Pipeline\\{closure}(Object(Illuminate\\Http\\Request))
#32 /home4/mobema08/rh.mobemaodeobra.com.br/vendor/laravel/framework/src/Illuminate/Routing/Router.php(687): Illuminate\\Pipeline\\Pipeline->then(Object(Closure))
#33 /home4/mobema08/rh.mobemaodeobra.com.br/vendor/laravel/framework/src/Illuminate/Routing/Router.php(662): Illuminate\\Routing\\Router->runRouteWithinStack(Object(Illuminate\\Routing\\Route), Object(Illuminate\\Http\\Request))
#34 /home4/mobema08/rh.mobemaodeobra.com.br/vendor/laravel/framework/src/Illuminate/Routing/Router.php(628): Illuminate\\Routing\\Router->runRoute(Object(Illuminate\\Http\\Request), Object(Illuminate\\Routing\\Route))
#35 /home4/mobema08/rh.mobemaodeobra.com.br/vendor/laravel/framework/src/Illuminate/Routing/Router.php(617): Illuminate\\Routing\\Router->dispatchToRoute(Object(Illuminate\\Http\\Request))
#36 /home4/mobema08/rh.mobemaodeobra.com.br/vendor/laravel/framework/src/Illuminate/Foundation/Http/Kernel.php(165): Illuminate\\Routing\\Router->dispatch(Object(Illuminate\\Http\\Request))
#37 /home4/mobema08/rh.mobemaodeobra.com.br/vendor/laravel/framework/src/Illuminate/Pipeline/Pipeline.php(128): Illuminate\\Foundation\\Http\\Kernel->Illuminate\\Foundation\\Http\\{closure}(Object(Illuminate\\Http\\Request))
#38 /home4/mobema08/rh.mobemaodeobra.com.br/vendor/laravel/framework/src/Illuminate/Foundation/Http/Middleware/TransformsRequest.php(21): Illuminate\\Pipeline\\Pipeline->Illuminate\\Pipeline\\{closure}(Object(Illuminate\\Http\\Request))
#39 /home4/mobema08/rh.mobemaodeobra.com.br/vendor/laravel/framework/src/Illuminate/Pipeline/Pipeline.php(167): Illuminate\\Foundation\\Http\\Middleware\\TransformsRequest->handle(Object(Illuminate\\Http\\Request), Object(Closure))
#40 /home4/mobema08/rh.mobemaodeobra.com.br/vendor/laravel/framework/src/Illuminate/Foundation/Http/Middleware/TransformsRequest.php(21): Illuminate\\Pipeline\\Pipeline->Illuminate\\Pipeline\\{closure}(Object(Illuminate\\Http\\Request))
#41 /home4/mobema08/rh.mobemaodeobra.com.br/vendor/laravel/framework/src/Illuminate/Pipeline/Pipeline.php(167): Illuminate\\Foundation\\Http\\Middleware\\TransformsRequest->handle(Object(Illuminate\\Http\\Request), Object(Closure))
#42 /home4/mobema08/rh.mobemaodeobra.com.br/vendor/laravel/framework/src/Illuminate/Foundation/Http/Middleware/ValidatePostSize.php(27): Illuminate\\Pipeline\\Pipeline->Illuminate\\Pipeline\\{closure}(Object(Illuminate\\Http\\Request))
#43 /home4/mobema08/rh.mobemaodeobra.com.br/vendor/laravel/framework/src/Illuminate/Pipeline/Pipeline.php(167): Illuminate\\Foundation\\Http\\Middleware\\ValidatePostSize->handle(Object(Illuminate\\Http\\Request), Object(Closure))
#44 /home4/mobema08/rh.mobemaodeobra.com.br/vendor/laravel/framework/src/Illuminate/Foundation/Http/Middleware/CheckForMaintenanceMode.php(63): Illuminate\\Pipeline\\Pipeline->Illuminate\\Pipeline\\{closure}(Object(Illuminate\\Http\\Request))
#45 /home4/mobema08/rh.mobemaodeobra.com.br/vendor/laravel/framework/src/Illuminate/Pipeline/Pipeline.php(167): Illuminate\\Foundation\\Http\\Middleware\\CheckForMaintenanceMode->handle(Object(Illuminate\\Http\\Request), Object(Closure))
#46 /home4/mobema08/rh.mobemaodeobra.com.br/vendor/fruitcake/laravel-cors/src/HandleCors.php(38): Illuminate\\Pipeline\\Pipeline->Illuminate\\Pipeline\\{closure}(Object(Illuminate\\Http\\Request))
#47 /home4/mobema08/rh.mobemaodeobra.com.br/vendor/laravel/framework/src/Illuminate/Pipeline/Pipeline.php(167): Fruitcake\\Cors\\HandleCors->handle(Object(Illuminate\\Http\\Request), Object(Closure))
#48 /home4/mobema08/rh.mobemaodeobra.com.br/vendor/fideloper/proxy/src/TrustProxies.php(57): Illuminate\\Pipeline\\Pipeline->Illuminate\\Pipeline\\{closure}(Object(Illuminate\\Http\\Request))
#49 /home4/mobema08/rh.mobemaodeobra.com.br/vendor/laravel/framework/src/Illuminate/Pipeline/Pipeline.php(167): Fideloper\\Proxy\\TrustProxies->handle(Object(Illuminate\\Http\\Request), Object(Closure))
#50 /home4/mobema08/rh.mobemaodeobra.com.br/vendor/laravel/framework/src/Illuminate/Pipeline/Pipeline.php(103): Illuminate\\Pipeline\\Pipeline->Illuminate\\Pipeline\\{closure}(Object(Illuminate\\Http\\Request))
#51 /home4/mobema08/rh.mobemaodeobra.com.br/vendor/laravel/framework/src/Illuminate/Foundation/Http/Kernel.php(140): Illuminate\\Pipeline\\Pipeline->then(Object(Closure))
#52 /home4/mobema08/rh.mobemaodeobra.com.br/vendor/laravel/framework/src/Illuminate/Foundation/Http/Kernel.php(109): Illuminate\\Foundation\\Http\\Kernel->sendRequestThroughRouter(Object(Illuminate\\Http\\Request))
#53 /home4/mobema08/rh.mobemaodeobra.com.br/public/index.php(55): Illuminate\\Foundation\\Http\\Kernel->handle(Object(Illuminate\\Http\\Request))
#54 {main}
"} 
[2021-12-06 11:30:55] local.ERROR: file_put_contents(C:\laragon\www\mode\storage\framework/sessions/dbpE4Oazd16GQsKiGeaotMFZbK90kaQ6XgOKdhTH): failed to open stream: No such file or directory {"exception":"[object] (ErrorException(code: 0): file_put_contents(C:\\laragon\\www\\mode\\storage\\framework/sessions/dbpE4Oazd16GQsKiGeaotMFZbK90kaQ6XgOKdhTH): failed to open stream: No such file or directory at /home4/mobema08/rh.mobemaodeobra.com.br/vendor/laravel/framework/src/Illuminate/Filesystem/Filesystem.php:135)
[stacktrace]
#0 [internal function]: Illuminate\\Foundation\\Bootstrap\\HandleExceptions->handleError(2, 'file_put_conten...', '/home4/mobema08...', 135, Array)
#1 /home4/mobema08/rh.mobemaodeobra.com.br/vendor/laravel/framework/src/Illuminate/Filesystem/Filesystem.php(135): file_put_contents('C:\\\\laragon\\\\www\\\\...', 'a:3:{s:6:\"_toke...', 2)
#2 /home4/mobema08/rh.mobemaodeobra.com.br/vendor/laravel/framework/src/Illuminate/Session/FileSessionHandler.php(83): Illuminate\\Filesystem\\Filesystem->put('C:\\\\laragon\\\\www\\\\...', 'a:3:{s:6:\"_toke...', true)
#3 /home4/mobema08/rh.mobemaodeobra.com.br/vendor/laravel/framework/src/Illuminate/Session/Store.php(129): Illuminate\\Session\\FileSessionHandler->write('dbpE4Oazd16GQsK...', 'a:3:{s:6:\"_toke...')
#4 /home4/mobema08/rh.mobemaodeobra.com.br/vendor/laravel/framework/src/Illuminate/Session/Middleware/StartSession.php(231): Illuminate\\Session\\Store->save()
#5 /home4/mobema08/rh.mobemaodeobra.com.br/vendor/laravel/framework/src/Illuminate/Session/Middleware/StartSession.php(125): Illuminate\\Session\\Middleware\\StartSession->saveSession(Object(Illuminate\\Http\\Request))
#6 /home4/mobema08/rh.mobemaodeobra.com.br/vendor/laravel/framework/src/Illuminate/Session/Middleware/StartSession.php(62): Illuminate\\Session\\Middleware\\StartSession->handleStatefulRequest(Object(Illuminate\\Http\\Request), Object(Illuminate\\Session\\Store), Object(Closure))
#7 /home4/mobema08/rh.mobemaodeobra.com.br/vendor/laravel/framework/src/Illuminate/Pipeline/Pipeline.php(167): Illuminate\\Session\\Middleware\\StartSession->handle(Object(Illuminate\\Http\\Request), Object(Closure))
#8 /home4/mobema08/rh.mobemaodeobra.com.br/vendor/laravel/framework/src/Illuminate/Cookie/Middleware/AddQueuedCookiesToResponse.php(37): Illuminate\\Pipeline\\Pipeline->Illuminate\\Pipeline\\{closure}(Object(Illuminate\\Http\\Request))
#9 /home4/mobema08/rh.mobemaodeobra.com.br/vendor/laravel/framework/src/Illuminate/Pipeline/Pipeline.php(167): Illuminate\\Cookie\\Middleware\\AddQueuedCookiesToResponse->handle(Object(Illuminate\\Http\\Request), Object(Closure))
#10 /home4/mobema08/rh.mobemaodeobra.com.br/vendor/laravel/framework/src/Illuminate/Cookie/Middleware/EncryptCookies.php(67): Illuminate\\Pipeline\\Pipeline->Illuminate\\Pipeline\\{closure}(Object(Illuminate\\Http\\Request))
#11 /home4/mobema08/rh.mobemaodeobra.com.br/vendor/laravel/framework/src/Illuminate/Pipeline/Pipeline.php(167): Illuminate\\Cookie\\Middleware\\EncryptCookies->handle(Object(Illuminate\\Http\\Request), Object(Closure))
#12 /home4/mobema08/rh.mobemaodeobra.com.br/vendor/laravel/framework/src/Illuminate/Pipeline/Pipeline.php(103): Illuminate\\Pipeline\\Pipeline->Illuminate\\Pipeline\\{closure}(Object(Illuminate\\Http\\Request))
#13 /home4/mobema08/rh.mobemaodeobra.com.br/vendor/laravel/framework/src/Illuminate/Routing/Router.php(687): Illuminate\\Pipeline\\Pipeline->then(Object(Closure))
#14 /home4/mobema08/rh.mobemaodeobra.com.br/vendor/laravel/framework/src/Illuminate/Routing/Router.php(662): Illuminate\\Routing\\Router->runRouteWithinStack(Object(Illuminate\\Routing\\Route), Object(Illuminate\\Http\\Request))
#15 /home4/mobema08/rh.mobemaodeobra.com.br/vendor/laravel/framework/src/Illuminate/Routing/Router.php(628): Illuminate\\Routing\\Router->runRoute(Object(Illuminate\\Http\\Request), Object(Illuminate\\Routing\\Route))
#16 /home4/mobema08/rh.mobemaodeobra.com.br/vendor/laravel/framework/src/Illuminate/Routing/Router.php(617): Illuminate\\Routing\\Router->dispatchToRoute(Object(Illuminate\\Http\\Request))
#17 /home4/mobema08/rh.mobemaodeobra.com.br/vendor/laravel/framework/src/Illuminate/Foundation/Http/Kernel.php(165): Illuminate\\Routing\\Router->dispatch(Object(Illuminate\\Http\\Request))
#18 /home4/mobema08/rh.mobemaodeobra.com.br/vendor/laravel/framework/src/Illuminate/Pipeline/Pipeline.php(128): Illuminate\\Foundation\\Http\\Kernel->Illuminate\\Foundation\\Http\\{closure}(Object(Illuminate\\Http\\Request))
#19 /home4/mobema08/rh.mobemaodeobra.com.br/vendor/laravel/framework/src/Illuminate/Foundation/Http/Middleware/TransformsRequest.php(21): Illuminate\\Pipeline\\Pipeline->Illuminate\\Pipeline\\{closure}(Object(Illuminate\\Http\\Request))
#20 /home4/mobema08/rh.mobemaodeobra.com.br/vendor/laravel/framework/src/Illuminate/Pipeline/Pipeline.php(167): Illuminate\\Foundation\\Http\\Middleware\\TransformsRequest->handle(Object(Illuminate\\Http\\Request), Object(Closure))
#21 /home4/mobema08/rh.mobemaodeobra.com.br/vendor/laravel/framework/src/Illuminate/Foundation/Http/Middleware/TransformsRequest.php(21): Illuminate\\Pipeline\\Pipeline->Illuminate\\Pipeline\\{closure}(Object(Illuminate\\Http\\Request))
#22 /home4/mobema08/rh.mobemaodeobra.com.br/vendor/laravel/framework/src/Illuminate/Pipeline/Pipeline.php(167): Illuminate\\Foundation\\Http\\Middleware\\TransformsRequest->handle(Object(Illuminate\\Http\\Request), Object(Closure))
#23 /home4/mobema08/rh.mobemaodeobra.com.br/vendor/laravel/framework/src/Illuminate/Foundation/Http/Middleware/ValidatePostSize.php(27): Illuminate\\Pipeline\\Pipeline->Illuminate\\Pipeline\\{closure}(Object(Illuminate\\Http\\Request))
#24 /home4/mobema08/rh.mobemaodeobra.com.br/vendor/laravel/framework/src/Illuminate/Pipeline/Pipeline.php(167): Illuminate\\Foundation\\Http\\Middleware\\ValidatePostSize->handle(Object(Illuminate\\Http\\Request), Object(Closure))
#25 /home4/mobema08/rh.mobemaodeobra.com.br/vendor/laravel/framework/src/Illuminate/Foundation/Http/Middleware/CheckForMaintenanceMode.php(63): Illuminate\\Pipeline\\Pipeline->Illuminate\\Pipeline\\{closure}(Object(Illuminate\\Http\\Request))
#26 /home4/mobema08/rh.mobemaodeobra.com.br/vendor/laravel/framework/src/Illuminate/Pipeline/Pipeline.php(167): Illuminate\\Foundation\\Http\\Middleware\\CheckForMaintenanceMode->handle(Object(Illuminate\\Http\\Request), Object(Closure))
#27 /home4/mobema08/rh.mobemaodeobra.com.br/vendor/fruitcake/laravel-cors/src/HandleCors.php(38): Illuminate\\Pipeline\\Pipeline->Illuminate\\Pipeline\\{closure}(Object(Illuminate\\Http\\Request))
#28 /home4/mobema08/rh.mobemaodeobra.com.br/vendor/laravel/framework/src/Illuminate/Pipeline/Pipeline.php(167): Fruitcake\\Cors\\HandleCors->handle(Object(Illuminate\\Http\\Request), Object(Closure))
#29 /home4/mobema08/rh.mobemaodeobra.com.br/vendor/fideloper/proxy/src/TrustProxies.php(57): Illuminate\\Pipeline\\Pipeline->Illuminate\\Pipeline\\{closure}(Object(Illuminate\\Http\\Request))
#30 /home4/mobema08/rh.mobemaodeobra.com.br/vendor/laravel/framework/src/Illuminate/Pipeline/Pipeline.php(167): Fideloper\\Proxy\\TrustProxies->handle(Object(Illuminate\\Http\\Request), Object(Closure))
#31 /home4/mobema08/rh.mobemaodeobra.com.br/vendor/laravel/framework/src/Illuminate/Pipeline/Pipeline.php(103): Illuminate\\Pipeline\\Pipeline->Illuminate\\Pipeline\\{closure}(Object(Illuminate\\Http\\Request))
#32 /home4/mobema08/rh.mobemaodeobra.com.br/vendor/laravel/framework/src/Illuminate/Foundation/Http/Kernel.php(140): Illuminate\\Pipeline\\Pipeline->then(Object(Closure))
#33 /home4/mobema08/rh.mobemaodeobra.com.br/vendor/laravel/framework/src/Illuminate/Foundation/Http/Kernel.php(109): Illuminate\\Foundation\\Http\\Kernel->sendRequestThroughRouter(Object(Illuminate\\Http\\Request))
#34 /home4/mobema08/rh.mobemaodeobra.com.br/public/index.php(55): Illuminate\\Foundation\\Http\\Kernel->handle(Object(Illuminate\\Http\\Request))
#35 {main}
"} 
[2021-12-06 11:32:10] local.ERROR: View [login.index] not found. {"exception":"[object] (InvalidArgumentException(code: 0): View [login.index] not found. at /home4/mobema08/rh.mobemaodeobra.com.br/vendor/laravel/framework/src/Illuminate/View/FileViewFinder.php:137)
[stacktrace]
#0 /home4/mobema08/rh.mobemaodeobra.com.br/vendor/laravel/framework/src/Illuminate/View/FileViewFinder.php(79): Illuminate\\View\\FileViewFinder->findInPaths('login.index', Array)
#1 /home4/mobema08/rh.mobemaodeobra.com.br/vendor/laravel/framework/src/Illuminate/View/Factory.php(138): Illuminate\\View\\FileViewFinder->find('login.index')
#2 /home4/mobema08/rh.mobemaodeobra.com.br/vendor/laravel/framework/src/Illuminate/Foundation/helpers.php(961): Illuminate\\View\\Factory->make('login.index', Array, Array)
#3 /home4/mobema08/rh.mobemaodeobra.com.br/app/Http/Controllers/Login/LoginController.php(21): view('login.index')
#4 /home4/mobema08/rh.mobemaodeobra.com.br/vendor/laravel/framework/src/Illuminate/Routing/Controller.php(54): App\\Http\\Controllers\\Login\\LoginController->index()
#5 /home4/mobema08/rh.mobemaodeobra.com.br/vendor/laravel/framework/src/Illuminate/Routing/ControllerDispatcher.php(45): Illuminate\\Routing\\Controller->callAction('index', Array)
#6 /home4/mobema08/rh.mobemaodeobra.com.br/vendor/laravel/framework/src/Illuminate/Routing/Route.php(239): Illuminate\\Routing\\ControllerDispatcher->dispatch(Object(Illuminate\\Routing\\Route), Object(App\\Http\\Controllers\\Login\\LoginController), 'index')
#7 /home4/mobema08/rh.mobemaodeobra.com.br/vendor/laravel/framework/src/Illuminate/Routing/Route.php(196): Illuminate\\Routing\\Route->runController()
#8 /home4/mobema08/rh.mobemaodeobra.com.br/vendor/laravel/framework/src/Illuminate/Routing/Router.php(685): Illuminate\\Routing\\Route->run()
#9 /home4/mobema08/rh.mobemaodeobra.com.br/vendor/laravel/framework/src/Illuminate/Pipeline/Pipeline.php(128): Illuminate\\Routing\\Router->Illuminate\\Routing\\{closure}(Object(Illuminate\\Http\\Request))
#10 /home4/mobema08/rh.mobemaodeobra.com.br/vendor/laravel/framework/src/Illuminate/Routing/Middleware/SubstituteBindings.php(41): Illuminate\\Pipeline\\Pipeline->Illuminate\\Pipeline\\{closure}(Object(Illuminate\\Http\\Request))
#11 /home4/mobema08/rh.mobemaodeobra.com.br/vendor/laravel/framework/src/Illuminate/Pipeline/Pipeline.php(167): Illuminate\\Routing\\Middleware\\SubstituteBindings->handle(Object(Illuminate\\Http\\Request), Object(Closure))
#12 /home4/mobema08/rh.mobemaodeobra.com.br/vendor/laravel/framework/src/Illuminate/Foundation/Http/Middleware/VerifyCsrfToken.php(78): Illuminate\\Pipeline\\Pipeline->Illuminate\\Pipeline\\{closure}(Object(Illuminate\\Http\\Request))
#13 /home4/mobema08/rh.mobemaodeobra.com.br/vendor/laravel/framework/src/Illuminate/Pipeline/Pipeline.php(167): Illuminate\\Foundation\\Http\\Middleware\\VerifyCsrfToken->handle(Object(Illuminate\\Http\\Request), Object(Closure))
#14 /home4/mobema08/rh.mobemaodeobra.com.br/vendor/laravel/framework/src/Illuminate/View/Middleware/ShareErrorsFromSession.php(49): Illuminate\\Pipeline\\Pipeline->Illuminate\\Pipeline\\{closure}(Object(Illuminate\\Http\\Request))
#15 /home4/mobema08/rh.mobemaodeobra.com.br/vendor/laravel/framework/src/Illuminate/Pipeline/Pipeline.php(167): Illuminate\\View\\Middleware\\ShareErrorsFromSession->handle(Object(Illuminate\\Http\\Request), Object(Closure))
#16 /home4/mobema08/rh.mobemaodeobra.com.br/vendor/laravel/framework/src/Illuminate/Session/Middleware/StartSession.php(116): Illuminate\\Pipeline\\Pipeline->Illuminate\\Pipeline\\{closure}(Object(Illuminate\\Http\\Request))
#17 /home4/mobema08/rh.mobemaodeobra.com.br/vendor/laravel/framework/src/Illuminate/Session/Middleware/StartSession.php(62): Illuminate\\Session\\Middleware\\StartSession->handleStatefulRequest(Object(Illuminate\\Http\\Request), Object(Illuminate\\Session\\Store), Object(Closure))
#18 /home4/mobema08/rh.mobemaodeobra.com.br/vendor/laravel/framework/src/Illuminate/Pipeline/Pipeline.php(167): Illuminate\\Session\\Middleware\\StartSession->handle(Object(Illuminate\\Http\\Request), Object(Closure))
#19 /home4/mobema08/rh.mobemaodeobra.com.br/vendor/laravel/framework/src/Illuminate/Cookie/Middleware/AddQueuedCookiesToResponse.php(37): Illuminate\\Pipeline\\Pipeline->Illuminate\\Pipeline\\{closure}(Object(Illuminate\\Http\\Request))
#20 /home4/mobema08/rh.mobemaodeobra.com.br/vendor/laravel/framework/src/Illuminate/Pipeline/Pipeline.php(167): Illuminate\\Cookie\\Middleware\\AddQueuedCookiesToResponse->handle(Object(Illuminate\\Http\\Request), Object(Closure))
#21 /home4/mobema08/rh.mobemaodeobra.com.br/vendor/laravel/framework/src/Illuminate/Cookie/Middleware/EncryptCookies.php(67): Illuminate\\Pipeline\\Pipeline->Illuminate\\Pipeline\\{closure}(Object(Illuminate\\Http\\Request))
#22 /home4/mobema08/rh.mobemaodeobra.com.br/vendor/laravel/framework/src/Illuminate/Pipeline/Pipeline.php(167): Illuminate\\Cookie\\Middleware\\EncryptCookies->handle(Object(Illuminate\\Http\\Request), Object(Closure))
#23 /home4/mobema08/rh.mobemaodeobra.com.br/vendor/laravel/framework/src/Illuminate/Pipeline/Pipeline.php(103): Illuminate\\Pipeline\\Pipeline->Illuminate\\Pipeline\\{closure}(Object(Illuminate\\Http\\Request))
#24 /home4/mobema08/rh.mobemaodeobra.com.br/vendor/laravel/framework/src/Illuminate/Routing/Router.php(687): Illuminate\\Pipeline\\Pipeline->then(Object(Closure))
#25 /home4/mobema08/rh.mobemaodeobra.com.br/vendor/laravel/framework/src/Illuminate/Routing/Router.php(662): Illuminate\\Routing\\Router->runRouteWithinStack(Object(Illuminate\\Routing\\Route), Object(Illuminate\\Http\\Request))
#26 /home4/mobema08/rh.mobemaodeobra.com.br/vendor/laravel/framework/src/Illuminate/Routing/Router.php(628): Illuminate\\Routing\\Router->runRoute(Object(Illuminate\\Http\\Request), Object(Illuminate\\Routing\\Route))
#27 /home4/mobema08/rh.mobemaodeobra.com.br/vendor/laravel/framework/src/Illuminate/Routing/Router.php(617): Illuminate\\Routing\\Router->dispatchToRoute(Object(Illuminate\\Http\\Request))
#28 /home4/mobema08/rh.mobemaodeobra.com.br/vendor/laravel/framework/src/Illuminate/Foundation/Http/Kernel.php(165): Illuminate\\Routing\\Router->dispatch(Object(Illuminate\\Http\\Request))
#29 /home4/mobema08/rh.mobemaodeobra.com.br/vendor/laravel/framework/src/Illuminate/Pipeline/Pipeline.php(128): Illuminate\\Foundation\\Http\\Kernel->Illuminate\\Foundation\\Http\\{closure}(Object(Illuminate\\Http\\Request))
#30 /home4/mobema08/rh.mobemaodeobra.com.br/vendor/laravel/framework/src/Illuminate/Foundation/Http/Middleware/TransformsRequest.php(21): Illuminate\\Pipeline\\Pipeline->Illuminate\\Pipeline\\{closure}(Object(Illuminate\\Http\\Request))
#31 /home4/mobema08/rh.mobemaodeobra.com.br/vendor/laravel/framework/src/Illuminate/Pipeline/Pipeline.php(167): Illuminate\\Foundation\\Http\\Middleware\\TransformsRequest->handle(Object(Illuminate\\Http\\Request), Object(Closure))
#32 /home4/mobema08/rh.mobemaodeobra.com.br/vendor/laravel/framework/src/Illuminate/Foundation/Http/Middleware/TransformsRequest.php(21): Illuminate\\Pipeline\\Pipeline->Illuminate\\Pipeline\\{closure}(Object(Illuminate\\Http\\Request))
#33 /home4/mobema08/rh.mobemaodeobra.com.br/vendor/laravel/framework/src/Illuminate/Pipeline/Pipeline.php(167): Illuminate\\Foundation\\Http\\Middleware\\TransformsRequest->handle(Object(Illuminate\\Http\\Request), Object(Closure))
#34 /home4/mobema08/rh.mobemaodeobra.com.br/vendor/laravel/framework/src/Illuminate/Foundation/Http/Middleware/ValidatePostSize.php(27): Illuminate\\Pipeline\\Pipeline->Illuminate\\Pipeline\\{closure}(Object(Illuminate\\Http\\Request))
#35 /home4/mobema08/rh.mobemaodeobra.com.br/vendor/laravel/framework/src/Illuminate/Pipeline/Pipeline.php(167): Illuminate\\Foundation\\Http\\Middleware\\ValidatePostSize->handle(Object(Illuminate\\Http\\Request), Object(Closure))
#36 /home4/mobema08/rh.mobemaodeobra.com.br/vendor/laravel/framework/src/Illuminate/Foundation/Http/Middleware/CheckForMaintenanceMode.php(63): Illuminate\\Pipeline\\Pipeline->Illuminate\\Pipeline\\{closure}(Object(Illuminate\\Http\\Request))
#37 /home4/mobema08/rh.mobemaodeobra.com.br/vendor/laravel/framework/src/Illuminate/Pipeline/Pipeline.php(167): Illuminate\\Foundation\\Http\\Middleware\\CheckForMaintenanceMode->handle(Object(Illuminate\\Http\\Request), Object(Closure))
#38 /home4/mobema08/rh.mobemaodeobra.com.br/vendor/fruitcake/laravel-cors/src/HandleCors.php(38): Illuminate\\Pipeline\\Pipeline->Illuminate\\Pipeline\\{closure}(Object(Illuminate\\Http\\Request))
#39 /home4/mobema08/rh.mobemaodeobra.com.br/vendor/laravel/framework/src/Illuminate/Pipeline/Pipeline.php(167): Fruitcake\\Cors\\HandleCors->handle(Object(Illuminate\\Http\\Request), Object(Closure))
#40 /home4/mobema08/rh.mobemaodeobra.com.br/vendor/fideloper/proxy/src/TrustProxies.php(57): Illuminate\\Pipeline\\Pipeline->Illuminate\\Pipeline\\{closure}(Object(Illuminate\\Http\\Request))
#41 /home4/mobema08/rh.mobemaodeobra.com.br/vendor/laravel/framework/src/Illuminate/Pipeline/Pipeline.php(167): Fideloper\\Proxy\\TrustProxies->handle(Object(Illuminate\\Http\\Request), Object(Closure))
#42 /home4/mobema08/rh.mobemaodeobra.com.br/vendor/laravel/framework/src/Illuminate/Pipeline/Pipeline.php(103): Illuminate\\Pipeline\\Pipeline->Illuminate\\Pipeline\\{closure}(Object(Illuminate\\Http\\Request))
#43 /home4/mobema08/rh.mobemaodeobra.com.br/vendor/laravel/framework/src/Illuminate/Foundation/Http/Kernel.php(140): Illuminate\\Pipeline\\Pipeline->then(Object(Closure))
#44 /home4/mobema08/rh.mobemaodeobra.com.br/vendor/laravel/framework/src/Illuminate/Foundation/Http/Kernel.php(109): Illuminate\\Foundation\\Http\\Kernel->sendRequestThroughRouter(Object(Illuminate\\Http\\Request))
#45 /home4/mobema08/rh.mobemaodeobra.com.br/public/index.php(55): Illuminate\\Foundation\\Http\\Kernel->handle(Object(Illuminate\\Http\\Request))
#46 {main}
"} 
[2021-12-06 11:32:10] local.ERROR: file_put_contents(C:\laragon\www\mode\storage\framework/sessions/mH9smRSo9PcCDJeptZS1PRe7Rer8DG5KOyzyIRI9): failed to open stream: No such file or directory {"exception":"[object] (ErrorException(code: 0): file_put_contents(C:\\laragon\\www\\mode\\storage\\framework/sessions/mH9smRSo9PcCDJeptZS1PRe7Rer8DG5KOyzyIRI9): failed to open stream: No such file or directory at /home4/mobema08/rh.mobemaodeobra.com.br/vendor/laravel/framework/src/Illuminate/Filesystem/Filesystem.php:135)
[stacktrace]
#0 [internal function]: Illuminate\\Foundation\\Bootstrap\\HandleExceptions->handleError(2, 'file_put_conten...', '/home4/mobema08...', 135, Array)
#1 /home4/mobema08/rh.mobemaodeobra.com.br/vendor/laravel/framework/src/Illuminate/Filesystem/Filesystem.php(135): file_put_contents('C:\\\\laragon\\\\www\\\\...', 'a:3:{s:6:\"_toke...', 2)
#2 /home4/mobema08/rh.mobemaodeobra.com.br/vendor/laravel/framework/src/Illuminate/Session/FileSessionHandler.php(83): Illuminate\\Filesystem\\Filesystem->put('C:\\\\laragon\\\\www\\\\...', 'a:3:{s:6:\"_toke...', true)
#3 /home4/mobema08/rh.mobemaodeobra.com.br/vendor/laravel/framework/src/Illuminate/Session/Store.php(129): Illuminate\\Session\\FileSessionHandler->write('mH9smRSo9PcCDJe...', 'a:3:{s:6:\"_toke...')
#4 /home4/mobema08/rh.mobemaodeobra.com.br/vendor/laravel/framework/src/Illuminate/Session/Middleware/StartSession.php(231): Illuminate\\Session\\Store->save()
#5 /home4/mobema08/rh.mobemaodeobra.com.br/vendor/laravel/framework/src/Illuminate/Session/Middleware/StartSession.php(125): Illuminate\\Session\\Middleware\\StartSession->saveSession(Object(Illuminate\\Http\\Request))
#6 /home4/mobema08/rh.mobemaodeobra.com.br/vendor/laravel/framework/src/Illuminate/Session/Middleware/StartSession.php(62): Illuminate\\Session\\Middleware\\StartSession->handleStatefulRequest(Object(Illuminate\\Http\\Request), Object(Illuminate\\Session\\Store), Object(Closure))
#7 /home4/mobema08/rh.mobemaodeobra.com.br/vendor/laravel/framework/src/Illuminate/Pipeline/Pipeline.php(167): Illuminate\\Session\\Middleware\\StartSession->handle(Object(Illuminate\\Http\\Request), Object(Closure))
#8 /home4/mobema08/rh.mobemaodeobra.com.br/vendor/laravel/framework/src/Illuminate/Cookie/Middleware/AddQueuedCookiesToResponse.php(37): Illuminate\\Pipeline\\Pipeline->Illuminate\\Pipeline\\{closure}(Object(Illuminate\\Http\\Request))
#9 /home4/mobema08/rh.mobemaodeobra.com.br/vendor/laravel/framework/src/Illuminate/Pipeline/Pipeline.php(167): Illuminate\\Cookie\\Middleware\\AddQueuedCookiesToResponse->handle(Object(Illuminate\\Http\\Request), Object(Closure))
#10 /home4/mobema08/rh.mobemaodeobra.com.br/vendor/laravel/framework/src/Illuminate/Cookie/Middleware/EncryptCookies.php(67): Illuminate\\Pipeline\\Pipeline->Illuminate\\Pipeline\\{closure}(Object(Illuminate\\Http\\Request))
#11 /home4/mobema08/rh.mobemaodeobra.com.br/vendor/laravel/framework/src/Illuminate/Pipeline/Pipeline.php(167): Illuminate\\Cookie\\Middleware\\EncryptCookies->handle(Object(Illuminate\\Http\\Request), Object(Closure))
#12 /home4/mobema08/rh.mobemaodeobra.com.br/vendor/laravel/framework/src/Illuminate/Pipeline/Pipeline.php(103): Illuminate\\Pipeline\\Pipeline->Illuminate\\Pipeline\\{closure}(Object(Illuminate\\Http\\Request))
#13 /home4/mobema08/rh.mobemaodeobra.com.br/vendor/laravel/framework/src/Illuminate/Routing/Router.php(687): Illuminate\\Pipeline\\Pipeline->then(Object(Closure))
#14 /home4/mobema08/rh.mobemaodeobra.com.br/vendor/laravel/framework/src/Illuminate/Routing/Router.php(662): Illuminate\\Routing\\Router->runRouteWithinStack(Object(Illuminate\\Routing\\Route), Object(Illuminate\\Http\\Request))
#15 /home4/mobema08/rh.mobemaodeobra.com.br/vendor/laravel/framework/src/Illuminate/Routing/Router.php(628): Illuminate\\Routing\\Router->runRoute(Object(Illuminate\\Http\\Request), Object(Illuminate\\Routing\\Route))
#16 /home4/mobema08/rh.mobemaodeobra.com.br/vendor/laravel/framework/src/Illuminate/Routing/Router.php(617): Illuminate\\Routing\\Router->dispatchToRoute(Object(Illuminate\\Http\\Request))
#17 /home4/mobema08/rh.mobemaodeobra.com.br/vendor/laravel/framework/src/Illuminate/Foundation/Http/Kernel.php(165): Illuminate\\Routing\\Router->dispatch(Object(Illuminate\\Http\\Request))
#18 /home4/mobema08/rh.mobemaodeobra.com.br/vendor/laravel/framework/src/Illuminate/Pipeline/Pipeline.php(128): Illuminate\\Foundation\\Http\\Kernel->Illuminate\\Foundation\\Http\\{closure}(Object(Illuminate\\Http\\Request))
#19 /home4/mobema08/rh.mobemaodeobra.com.br/vendor/laravel/framework/src/Illuminate/Foundation/Http/Middleware/TransformsRequest.php(21): Illuminate\\Pipeline\\Pipeline->Illuminate\\Pipeline\\{closure}(Object(Illuminate\\Http\\Request))
#20 /home4/mobema08/rh.mobemaodeobra.com.br/vendor/laravel/framework/src/Illuminate/Pipeline/Pipeline.php(167): Illuminate\\Foundation\\Http\\Middleware\\TransformsRequest->handle(Object(Illuminate\\Http\\Request), Object(Closure))
#21 /home4/mobema08/rh.mobemaodeobra.com.br/vendor/laravel/framework/src/Illuminate/Foundation/Http/Middleware/TransformsRequest.php(21): Illuminate\\Pipeline\\Pipeline->Illuminate\\Pipeline\\{closure}(Object(Illuminate\\Http\\Request))
#22 /home4/mobema08/rh.mobemaodeobra.com.br/vendor/laravel/framework/src/Illuminate/Pipeline/Pipeline.php(167): Illuminate\\Foundation\\Http\\Middleware\\TransformsRequest->handle(Object(Illuminate\\Http\\Request), Object(Closure))
#23 /home4/mobema08/rh.mobemaodeobra.com.br/vendor/laravel/framework/src/Illuminate/Foundation/Http/Middleware/ValidatePostSize.php(27): Illuminate\\Pipeline\\Pipeline->Illuminate\\Pipeline\\{closure}(Object(Illuminate\\Http\\Request))
#24 /home4/mobema08/rh.mobemaodeobra.com.br/vendor/laravel/framework/src/Illuminate/Pipeline/Pipeline.php(167): Illuminate\\Foundation\\Http\\Middleware\\ValidatePostSize->handle(Object(Illuminate\\Http\\Request), Object(Closure))
#25 /home4/mobema08/rh.mobemaodeobra.com.br/vendor/laravel/framework/src/Illuminate/Foundation/Http/Middleware/CheckForMaintenanceMode.php(63): Illuminate\\Pipeline\\Pipeline->Illuminate\\Pipeline\\{closure}(Object(Illuminate\\Http\\Request))
#26 /home4/mobema08/rh.mobemaodeobra.com.br/vendor/laravel/framework/src/Illuminate/Pipeline/Pipeline.php(167): Illuminate\\Foundation\\Http\\Middleware\\CheckForMaintenanceMode->handle(Object(Illuminate\\Http\\Request), Object(Closure))
#27 /home4/mobema08/rh.mobemaodeobra.com.br/vendor/fruitcake/laravel-cors/src/HandleCors.php(38): Illuminate\\Pipeline\\Pipeline->Illuminate\\Pipeline\\{closure}(Object(Illuminate\\Http\\Request))
#28 /home4/mobema08/rh.mobemaodeobra.com.br/vendor/laravel/framework/src/Illuminate/Pipeline/Pipeline.php(167): Fruitcake\\Cors\\HandleCors->handle(Object(Illuminate\\Http\\Request), Object(Closure))
#29 /home4/mobema08/rh.mobemaodeobra.com.br/vendor/fideloper/proxy/src/TrustProxies.php(57): Illuminate\\Pipeline\\Pipeline->Illuminate\\Pipeline\\{closure}(Object(Illuminate\\Http\\Request))
#30 /home4/mobema08/rh.mobemaodeobra.com.br/vendor/laravel/framework/src/Illuminate/Pipeline/Pipeline.php(167): Fideloper\\Proxy\\TrustProxies->handle(Object(Illuminate\\Http\\Request), Object(Closure))
#31 /home4/mobema08/rh.mobemaodeobra.com.br/vendor/laravel/framework/src/Illuminate/Pipeline/Pipeline.php(103): Illuminate\\Pipeline\\Pipeline->Illuminate\\Pipeline\\{closure}(Object(Illuminate\\Http\\Request))
#32 /home4/mobema08/rh.mobemaodeobra.com.br/vendor/laravel/framework/src/Illuminate/Foundation/Http/Kernel.php(140): Illuminate\\Pipeline\\Pipeline->then(Object(Closure))
#33 /home4/mobema08/rh.mobemaodeobra.com.br/vendor/laravel/framework/src/Illuminate/Foundation/Http/Kernel.php(109): Illuminate\\Foundation\\Http\\Kernel->sendRequestThroughRouter(Object(Illuminate\\Http\\Request))
#34 /home4/mobema08/rh.mobemaodeobra.com.br/public/index.php(55): Illuminate\\Foundation\\Http\\Kernel->handle(Object(Illuminate\\Http\\Request))
#35 {main}
"} 
[2021-12-06 11:32:11] local.ERROR: View [login.index] not found. {"exception":"[object] (InvalidArgumentException(code: 0): View [login.index] not found. at /home4/mobema08/rh.mobemaodeobra.com.br/vendor/laravel/framework/src/Illuminate/View/FileViewFinder.php:137)
[stacktrace]
#0 /home4/mobema08/rh.mobemaodeobra.com.br/vendor/laravel/framework/src/Illuminate/View/FileViewFinder.php(79): Illuminate\\View\\FileViewFinder->findInPaths('login.index', Array)
#1 /home4/mobema08/rh.mobemaodeobra.com.br/vendor/laravel/framework/src/Illuminate/View/Factory.php(138): Illuminate\\View\\FileViewFinder->find('login.index')
#2 /home4/mobema08/rh.mobemaodeobra.com.br/vendor/laravel/framework/src/Illuminate/Foundation/helpers.php(961): Illuminate\\View\\Factory->make('login.index', Array, Array)
#3 /home4/mobema08/rh.mobemaodeobra.com.br/app/Http/Controllers/Login/LoginController.php(21): view('login.index')
#4 /home4/mobema08/rh.mobemaodeobra.com.br/vendor/laravel/framework/src/Illuminate/Routing/Controller.php(54): App\\Http\\Controllers\\Login\\LoginController->index()
#5 /home4/mobema08/rh.mobemaodeobra.com.br/vendor/laravel/framework/src/Illuminate/Routing/ControllerDispatcher.php(45): Illuminate\\Routing\\Controller->callAction('index', Array)
#6 /home4/mobema08/rh.mobemaodeobra.com.br/vendor/laravel/framework/src/Illuminate/Routing/Route.php(239): Illuminate\\Routing\\ControllerDispatcher->dispatch(Object(Illuminate\\Routing\\Route), Object(App\\Http\\Controllers\\Login\\LoginController), 'index')
#7 /home4/mobema08/rh.mobemaodeobra.com.br/vendor/laravel/framework/src/Illuminate/Routing/Route.php(196): Illuminate\\Routing\\Route->runController()
#8 /home4/mobema08/rh.mobemaodeobra.com.br/vendor/laravel/framework/src/Illuminate/Routing/Router.php(685): Illuminate\\Routing\\Route->run()
#9 /home4/mobema08/rh.mobemaodeobra.com.br/vendor/laravel/framework/src/Illuminate/Pipeline/Pipeline.php(128): Illuminate\\Routing\\Router->Illuminate\\Routing\\{closure}(Object(Illuminate\\Http\\Request))
#10 /home4/mobema08/rh.mobemaodeobra.com.br/vendor/laravel/framework/src/Illuminate/Routing/Middleware/SubstituteBindings.php(41): Illuminate\\Pipeline\\Pipeline->Illuminate\\Pipeline\\{closure}(Object(Illuminate\\Http\\Request))
#11 /home4/mobema08/rh.mobemaodeobra.com.br/vendor/laravel/framework/src/Illuminate/Pipeline/Pipeline.php(167): Illuminate\\Routing\\Middleware\\SubstituteBindings->handle(Object(Illuminate\\Http\\Request), Object(Closure))
#12 /home4/mobema08/rh.mobemaodeobra.com.br/vendor/laravel/framework/src/Illuminate/Foundation/Http/Middleware/VerifyCsrfToken.php(78): Illuminate\\Pipeline\\Pipeline->Illuminate\\Pipeline\\{closure}(Object(Illuminate\\Http\\Request))
#13 /home4/mobema08/rh.mobemaodeobra.com.br/vendor/laravel/framework/src/Illuminate/Pipeline/Pipeline.php(167): Illuminate\\Foundation\\Http\\Middleware\\VerifyCsrfToken->handle(Object(Illuminate\\Http\\Request), Object(Closure))
#14 /home4/mobema08/rh.mobemaodeobra.com.br/vendor/laravel/framework/src/Illuminate/View/Middleware/ShareErrorsFromSession.php(49): Illuminate\\Pipeline\\Pipeline->Illuminate\\Pipeline\\{closure}(Object(Illuminate\\Http\\Request))
#15 /home4/mobema08/rh.mobemaodeobra.com.br/vendor/laravel/framework/src/Illuminate/Pipeline/Pipeline.php(167): Illuminate\\View\\Middleware\\ShareErrorsFromSession->handle(Object(Illuminate\\Http\\Request), Object(Closure))
#16 /home4/mobema08/rh.mobemaodeobra.com.br/vendor/laravel/framework/src/Illuminate/Session/Middleware/StartSession.php(116): Illuminate\\Pipeline\\Pipeline->Illuminate\\Pipeline\\{closure}(Object(Illuminate\\Http\\Request))
#17 /home4/mobema08/rh.mobemaodeobra.com.br/vendor/laravel/framework/src/Illuminate/Session/Middleware/StartSession.php(62): Illuminate\\Session\\Middleware\\StartSession->handleStatefulRequest(Object(Illuminate\\Http\\Request), Object(Illuminate\\Session\\Store), Object(Closure))
#18 /home4/mobema08/rh.mobemaodeobra.com.br/vendor/laravel/framework/src/Illuminate/Pipeline/Pipeline.php(167): Illuminate\\Session\\Middleware\\StartSession->handle(Object(Illuminate\\Http\\Request), Object(Closure))
#19 /home4/mobema08/rh.mobemaodeobra.com.br/vendor/laravel/framework/src/Illuminate/Cookie/Middleware/AddQueuedCookiesToResponse.php(37): Illuminate\\Pipeline\\Pipeline->Illuminate\\Pipeline\\{closure}(Object(Illuminate\\Http\\Request))
#20 /home4/mobema08/rh.mobemaodeobra.com.br/vendor/laravel/framework/src/Illuminate/Pipeline/Pipeline.php(167): Illuminate\\Cookie\\Middleware\\AddQueuedCookiesToResponse->handle(Object(Illuminate\\Http\\Request), Object(Closure))
#21 /home4/mobema08/rh.mobemaodeobra.com.br/vendor/laravel/framework/src/Illuminate/Cookie/Middleware/EncryptCookies.php(67): Illuminate\\Pipeline\\Pipeline->Illuminate\\Pipeline\\{closure}(Object(Illuminate\\Http\\Request))
#22 /home4/mobema08/rh.mobemaodeobra.com.br/vendor/laravel/framework/src/Illuminate/Pipeline/Pipeline.php(167): Illuminate\\Cookie\\Middleware\\EncryptCookies->handle(Object(Illuminate\\Http\\Request), Object(Closure))
#23 /home4/mobema08/rh.mobemaodeobra.com.br/vendor/laravel/framework/src/Illuminate/Pipeline/Pipeline.php(103): Illuminate\\Pipeline\\Pipeline->Illuminate\\Pipeline\\{closure}(Object(Illuminate\\Http\\Request))
#24 /home4/mobema08/rh.mobemaodeobra.com.br/vendor/laravel/framework/src/Illuminate/Routing/Router.php(687): Illuminate\\Pipeline\\Pipeline->then(Object(Closure))
#25 /home4/mobema08/rh.mobemaodeobra.com.br/vendor/laravel/framework/src/Illuminate/Routing/Router.php(662): Illuminate\\Routing\\Router->runRouteWithinStack(Object(Illuminate\\Routing\\Route), Object(Illuminate\\Http\\Request))
#26 /home4/mobema08/rh.mobemaodeobra.com.br/vendor/laravel/framework/src/Illuminate/Routing/Router.php(628): Illuminate\\Routing\\Router->runRoute(Object(Illuminate\\Http\\Request), Object(Illuminate\\Routing\\Route))
#27 /home4/mobema08/rh.mobemaodeobra.com.br/vendor/laravel/framework/src/Illuminate/Routing/Router.php(617): Illuminate\\Routing\\Router->dispatchToRoute(Object(Illuminate\\Http\\Request))
#28 /home4/mobema08/rh.mobemaodeobra.com.br/vendor/laravel/framework/src/Illuminate/Foundation/Http/Kernel.php(165): Illuminate\\Routing\\Router->dispatch(Object(Illuminate\\Http\\Request))
#29 /home4/mobema08/rh.mobemaodeobra.com.br/vendor/laravel/framework/src/Illuminate/Pipeline/Pipeline.php(128): Illuminate\\Foundation\\Http\\Kernel->Illuminate\\Foundation\\Http\\{closure}(Object(Illuminate\\Http\\Request))
#30 /home4/mobema08/rh.mobemaodeobra.com.br/vendor/laravel/framework/src/Illuminate/Foundation/Http/Middleware/TransformsRequest.php(21): Illuminate\\Pipeline\\Pipeline->Illuminate\\Pipeline\\{closure}(Object(Illuminate\\Http\\Request))
#31 /home4/mobema08/rh.mobemaodeobra.com.br/vendor/laravel/framework/src/Illuminate/Pipeline/Pipeline.php(167): Illuminate\\Foundation\\Http\\Middleware\\TransformsRequest->handle(Object(Illuminate\\Http\\Request), Object(Closure))
#32 /home4/mobema08/rh.mobemaodeobra.com.br/vendor/laravel/framework/src/Illuminate/Foundation/Http/Middleware/TransformsRequest.php(21): Illuminate\\Pipeline\\Pipeline->Illuminate\\Pipeline\\{closure}(Object(Illuminate\\Http\\Request))
#33 /home4/mobema08/rh.mobemaodeobra.com.br/vendor/laravel/framework/src/Illuminate/Pipeline/Pipeline.php(167): Illuminate\\Foundation\\Http\\Middleware\\TransformsRequest->handle(Object(Illuminate\\Http\\Request), Object(Closure))
#34 /home4/mobema08/rh.mobemaodeobra.com.br/vendor/laravel/framework/src/Illuminate/Foundation/Http/Middleware/ValidatePostSize.php(27): Illuminate\\Pipeline\\Pipeline->Illuminate\\Pipeline\\{closure}(Object(Illuminate\\Http\\Request))
#35 /home4/mobema08/rh.mobemaodeobra.com.br/vendor/laravel/framework/src/Illuminate/Pipeline/Pipeline.php(167): Illuminate\\Foundation\\Http\\Middleware\\ValidatePostSize->handle(Object(Illuminate\\Http\\Request), Object(Closure))
#36 /home4/mobema08/rh.mobemaodeobra.com.br/vendor/laravel/framework/src/Illuminate/Foundation/Http/Middleware/CheckForMaintenanceMode.php(63): Illuminate\\Pipeline\\Pipeline->Illuminate\\Pipeline\\{closure}(Object(Illuminate\\Http\\Request))
#37 /home4/mobema08/rh.mobemaodeobra.com.br/vendor/laravel/framework/src/Illuminate/Pipeline/Pipeline.php(167): Illuminate\\Foundation\\Http\\Middleware\\CheckForMaintenanceMode->handle(Object(Illuminate\\Http\\Request), Object(Closure))
#38 /home4/mobema08/rh.mobemaodeobra.com.br/vendor/fruitcake/laravel-cors/src/HandleCors.php(38): Illuminate\\Pipeline\\Pipeline->Illuminate\\Pipeline\\{closure}(Object(Illuminate\\Http\\Request))
#39 /home4/mobema08/rh.mobemaodeobra.com.br/vendor/laravel/framework/src/Illuminate/Pipeline/Pipeline.php(167): Fruitcake\\Cors\\HandleCors->handle(Object(Illuminate\\Http\\Request), Object(Closure))
#40 /home4/mobema08/rh.mobemaodeobra.com.br/vendor/fideloper/proxy/src/TrustProxies.php(57): Illuminate\\Pipeline\\Pipeline->Illuminate\\Pipeline\\{closure}(Object(Illuminate\\Http\\Request))
#41 /home4/mobema08/rh.mobemaodeobra.com.br/vendor/laravel/framework/src/Illuminate/Pipeline/Pipeline.php(167): Fideloper\\Proxy\\TrustProxies->handle(Object(Illuminate\\Http\\Request), Object(Closure))
#42 /home4/mobema08/rh.mobemaodeobra.com.br/vendor/laravel/framework/src/Illuminate/Pipeline/Pipeline.php(103): Illuminate\\Pipeline\\Pipeline->Illuminate\\Pipeline\\{closure}(Object(Illuminate\\Http\\Request))
#43 /home4/mobema08/rh.mobemaodeobra.com.br/vendor/laravel/framework/src/Illuminate/Foundation/Http/Kernel.php(140): Illuminate\\Pipeline\\Pipeline->then(Object(Closure))
#44 /home4/mobema08/rh.mobemaodeobra.com.br/vendor/laravel/framework/src/Illuminate/Foundation/Http/Kernel.php(109): Illuminate\\Foundation\\Http\\Kernel->sendRequestThroughRouter(Object(Illuminate\\Http\\Request))
#45 /home4/mobema08/rh.mobemaodeobra.com.br/public/index.php(55): Illuminate\\Foundation\\Http\\Kernel->handle(Object(Illuminate\\Http\\Request))
#46 {main}
"} 
[2021-12-06 11:32:11] local.ERROR: file_put_contents(C:\laragon\www\mode\storage\framework/sessions/5VLq9H3E0vbImNs73aONV6b3XAmTAYfruRXErTmd): failed to open stream: No such file or directory {"exception":"[object] (ErrorException(code: 0): file_put_contents(C:\\laragon\\www\\mode\\storage\\framework/sessions/5VLq9H3E0vbImNs73aONV6b3XAmTAYfruRXErTmd): failed to open stream: No such file or directory at /home4/mobema08/rh.mobemaodeobra.com.br/vendor/laravel/framework/src/Illuminate/Filesystem/Filesystem.php:135)
[stacktrace]
#0 [internal function]: Illuminate\\Foundation\\Bootstrap\\HandleExceptions->handleError(2, 'file_put_conten...', '/home4/mobema08...', 135, Array)
#1 /home4/mobema08/rh.mobemaodeobra.com.br/vendor/laravel/framework/src/Illuminate/Filesystem/Filesystem.php(135): file_put_contents('C:\\\\laragon\\\\www\\\\...', 'a:3:{s:6:\"_toke...', 2)
#2 /home4/mobema08/rh.mobemaodeobra.com.br/vendor/laravel/framework/src/Illuminate/Session/FileSessionHandler.php(83): Illuminate\\Filesystem\\Filesystem->put('C:\\\\laragon\\\\www\\\\...', 'a:3:{s:6:\"_toke...', true)
#3 /home4/mobema08/rh.mobemaodeobra.com.br/vendor/laravel/framework/src/Illuminate/Session/Store.php(129): Illuminate\\Session\\FileSessionHandler->write('5VLq9H3E0vbImNs...', 'a:3:{s:6:\"_toke...')
#4 /home4/mobema08/rh.mobemaodeobra.com.br/vendor/laravel/framework/src/Illuminate/Session/Middleware/StartSession.php(231): Illuminate\\Session\\Store->save()
#5 /home4/mobema08/rh.mobemaodeobra.com.br/vendor/laravel/framework/src/Illuminate/Session/Middleware/StartSession.php(125): Illuminate\\Session\\Middleware\\StartSession->saveSession(Object(Illuminate\\Http\\Request))
#6 /home4/mobema08/rh.mobemaodeobra.com.br/vendor/laravel/framework/src/Illuminate/Session/Middleware/StartSession.php(62): Illuminate\\Session\\Middleware\\StartSession->handleStatefulRequest(Object(Illuminate\\Http\\Request), Object(Illuminate\\Session\\Store), Object(Closure))
#7 /home4/mobema08/rh.mobemaodeobra.com.br/vendor/laravel/framework/src/Illuminate/Pipeline/Pipeline.php(167): Illuminate\\Session\\Middleware\\StartSession->handle(Object(Illuminate\\Http\\Request), Object(Closure))
#8 /home4/mobema08/rh.mobemaodeobra.com.br/vendor/laravel/framework/src/Illuminate/Cookie/Middleware/AddQueuedCookiesToResponse.php(37): Illuminate\\Pipeline\\Pipeline->Illuminate\\Pipeline\\{closure}(Object(Illuminate\\Http\\Request))
#9 /home4/mobema08/rh.mobemaodeobra.com.br/vendor/laravel/framework/src/Illuminate/Pipeline/Pipeline.php(167): Illuminate\\Cookie\\Middleware\\AddQueuedCookiesToResponse->handle(Object(Illuminate\\Http\\Request), Object(Closure))
#10 /home4/mobema08/rh.mobemaodeobra.com.br/vendor/laravel/framework/src/Illuminate/Cookie/Middleware/EncryptCookies.php(67): Illuminate\\Pipeline\\Pipeline->Illuminate\\Pipeline\\{closure}(Object(Illuminate\\Http\\Request))
#11 /home4/mobema08/rh.mobemaodeobra.com.br/vendor/laravel/framework/src/Illuminate/Pipeline/Pipeline.php(167): Illuminate\\Cookie\\Middleware\\EncryptCookies->handle(Object(Illuminate\\Http\\Request), Object(Closure))
#12 /home4/mobema08/rh.mobemaodeobra.com.br/vendor/laravel/framework/src/Illuminate/Pipeline/Pipeline.php(103): Illuminate\\Pipeline\\Pipeline->Illuminate\\Pipeline\\{closure}(Object(Illuminate\\Http\\Request))
#13 /home4/mobema08/rh.mobemaodeobra.com.br/vendor/laravel/framework/src/Illuminate/Routing/Router.php(687): Illuminate\\Pipeline\\Pipeline->then(Object(Closure))
#14 /home4/mobema08/rh.mobemaodeobra.com.br/vendor/laravel/framework/src/Illuminate/Routing/Router.php(662): Illuminate\\Routing\\Router->runRouteWithinStack(Object(Illuminate\\Routing\\Route), Object(Illuminate\\Http\\Request))
#15 /home4/mobema08/rh.mobemaodeobra.com.br/vendor/laravel/framework/src/Illuminate/Routing/Router.php(628): Illuminate\\Routing\\Router->runRoute(Object(Illuminate\\Http\\Request), Object(Illuminate\\Routing\\Route))
#16 /home4/mobema08/rh.mobemaodeobra.com.br/vendor/laravel/framework/src/Illuminate/Routing/Router.php(617): Illuminate\\Routing\\Router->dispatchToRoute(Object(Illuminate\\Http\\Request))
#17 /home4/mobema08/rh.mobemaodeobra.com.br/vendor/laravel/framework/src/Illuminate/Foundation/Http/Kernel.php(165): Illuminate\\Routing\\Router->dispatch(Object(Illuminate\\Http\\Request))
#18 /home4/mobema08/rh.mobemaodeobra.com.br/vendor/laravel/framework/src/Illuminate/Pipeline/Pipeline.php(128): Illuminate\\Foundation\\Http\\Kernel->Illuminate\\Foundation\\Http\\{closure}(Object(Illuminate\\Http\\Request))
#19 /home4/mobema08/rh.mobemaodeobra.com.br/vendor/laravel/framework/src/Illuminate/Foundation/Http/Middleware/TransformsRequest.php(21): Illuminate\\Pipeline\\Pipeline->Illuminate\\Pipeline\\{closure}(Object(Illuminate\\Http\\Request))
#20 /home4/mobema08/rh.mobemaodeobra.com.br/vendor/laravel/framework/src/Illuminate/Pipeline/Pipeline.php(167): Illuminate\\Foundation\\Http\\Middleware\\TransformsRequest->handle(Object(Illuminate\\Http\\Request), Object(Closure))
#21 /home4/mobema08/rh.mobemaodeobra.com.br/vendor/laravel/framework/src/Illuminate/Foundation/Http/Middleware/TransformsRequest.php(21): Illuminate\\Pipeline\\Pipeline->Illuminate\\Pipeline\\{closure}(Object(Illuminate\\Http\\Request))
#22 /home4/mobema08/rh.mobemaodeobra.com.br/vendor/laravel/framework/src/Illuminate/Pipeline/Pipeline.php(167): Illuminate\\Foundation\\Http\\Middleware\\TransformsRequest->handle(Object(Illuminate\\Http\\Request), Object(Closure))
#23 /home4/mobema08/rh.mobemaodeobra.com.br/vendor/laravel/framework/src/Illuminate/Foundation/Http/Middleware/ValidatePostSize.php(27): Illuminate\\Pipeline\\Pipeline->Illuminate\\Pipeline\\{closure}(Object(Illuminate\\Http\\Request))
#24 /home4/mobema08/rh.mobemaodeobra.com.br/vendor/laravel/framework/src/Illuminate/Pipeline/Pipeline.php(167): Illuminate\\Foundation\\Http\\Middleware\\ValidatePostSize->handle(Object(Illuminate\\Http\\Request), Object(Closure))
#25 /home4/mobema08/rh.mobemaodeobra.com.br/vendor/laravel/framework/src/Illuminate/Foundation/Http/Middleware/CheckForMaintenanceMode.php(63): Illuminate\\Pipeline\\Pipeline->Illuminate\\Pipeline\\{closure}(Object(Illuminate\\Http\\Request))
#26 /home4/mobema08/rh.mobemaodeobra.com.br/vendor/laravel/framework/src/Illuminate/Pipeline/Pipeline.php(167): Illuminate\\Foundation\\Http\\Middleware\\CheckForMaintenanceMode->handle(Object(Illuminate\\Http\\Request), Object(Closure))
#27 /home4/mobema08/rh.mobemaodeobra.com.br/vendor/fruitcake/laravel-cors/src/HandleCors.php(38): Illuminate\\Pipeline\\Pipeline->Illuminate\\Pipeline\\{closure}(Object(Illuminate\\Http\\Request))
#28 /home4/mobema08/rh.mobemaodeobra.com.br/vendor/laravel/framework/src/Illuminate/Pipeline/Pipeline.php(167): Fruitcake\\Cors\\HandleCors->handle(Object(Illuminate\\Http\\Request), Object(Closure))
#29 /home4/mobema08/rh.mobemaodeobra.com.br/vendor/fideloper/proxy/src/TrustProxies.php(57): Illuminate\\Pipeline\\Pipeline->Illuminate\\Pipeline\\{closure}(Object(Illuminate\\Http\\Request))
#30 /home4/mobema08/rh.mobemaodeobra.com.br/vendor/laravel/framework/src/Illuminate/Pipeline/Pipeline.php(167): Fideloper\\Proxy\\TrustProxies->handle(Object(Illuminate\\Http\\Request), Object(Closure))
#31 /home4/mobema08/rh.mobemaodeobra.com.br/vendor/laravel/framework/src/Illuminate/Pipeline/Pipeline.php(103): Illuminate\\Pipeline\\Pipeline->Illuminate\\Pipeline\\{closure}(Object(Illuminate\\Http\\Request))
#32 /home4/mobema08/rh.mobemaodeobra.com.br/vendor/laravel/framework/src/Illuminate/Foundation/Http/Kernel.php(140): Illuminate\\Pipeline\\Pipeline->then(Object(Closure))
#33 /home4/mobema08/rh.mobemaodeobra.com.br/vendor/laravel/framework/src/Illuminate/Foundation/Http/Kernel.php(109): Illuminate\\Foundation\\Http\\Kernel->sendRequestThroughRouter(Object(Illuminate\\Http\\Request))
#34 /home4/mobema08/rh.mobemaodeobra.com.br/public/index.php(55): Illuminate\\Foundation\\Http\\Kernel->handle(Object(Illuminate\\Http\\Request))
#35 {main}
"} 
